<?xml version="1.0" encoding="UTF-8"?>
<!-- Generated by org.testng.reporters.JUnitXMLReporter -->
<testsuite ignored="0" hostname="LAPTOP-NCRNC175" failures="1" tests="1" name="Surefire test" time="1.029" errors="0" timestamp="2023-09-14T11:10:10 IST">
  <testcase classname="io.cucumber.testng.AbstractTestNGCucumberTests" name="runScenario" time="0.191">
    <failure type="java.lang.NullPointerException" message="Cannot invoke &amp;quot;LoginPageObjectClass.LoginPage.loginApplication(String, String)&amp;quot; because &amp;quot;this.loginPage&amp;quot; is null">
      <![CDATA[java.lang.NullPointerException: Cannot invoke "LoginPageObjectClass.LoginPage.loginApplication(String, String)" because "this.loginPage" is null
at Cucumber.stepDefinition.StepDefinitionImpl.logged_in_Username_and_Password(StepDefinitionImpl.java:33)
at ✽.Logged in with username srinusid830@gmail.com and password Devisrinu123@(file:///C:/Users/srinu/eclipse-workspace/seleniumFrameWork/src/test/java/Cucumber/PurchaseOrder.feature:11)
]]>
    </failure>
  </testcase> <!-- runScenario -->
</testsuite> <!-- Surefire test -->
