<?xml version="1.0" encoding="UTF-8"?>
<!-- Generated by org.testng.reporters.JUnitXMLReporter -->
<testsuite ignored="1" hostname="LAPTOP-NCRNC175" failures="0" tests="1" name="Default test" time="10.18" errors="0" timestamp="2024-03-01T15:25:27 IST">
  <testcase classname="rahulshettyAcademy.tests.ErrorValidationsTest" name="LoginError" time="3.925"/>
  <testcase classname="rahulshettyAcademy.tests.ErrorValidationsTest" name="productMatchError" time="0.0">
    <ignored/>
  </testcase> <!-- productMatchError -->
</testsuite> <!-- Default test -->
