<?xml version="1.0" encoding="UTF-8"?>
<!-- Generated by org.testng.reporters.JUnitXMLReporter -->
<testsuite ignored="0" hostname="LAPTOP-NCRNC175" failures="0" tests="2" name="ErrorValidationsTest" time="23.994" errors="0" timestamp="2023-09-16T18:19:28 IST">
  <testcase classname="rahulshettyAcademy.tests.ErrorValidationsTest" name="LoginError" time="4.596"/>
  <testcase classname="rahulshettyAcademy.tests.ErrorValidationsTest" name="productMatchError" time="9.135"/>
</testsuite> <!-- ErrorValidationsTest -->
