<?xml version="1.0" encoding="UTF-8"?>
<!-- Generated by org.testng.reporters.JUnitXMLReporter -->
<testsuite ignored="0" hostname="LAPTOP-NCRNC175" failures="1" tests="1" name="Test2" time="0.005" errors="0" timestamp="2024-03-11T12:36:40 IST">
  <testcase classname="Ecommerce.TestCases.ErrorValidation" name="errorValidation" time="0.0">
    <failure type="org.testng.TestNGException" message="
Method public void Ecommerce.TestCases.ErrorValidation.errorValidation(java.util.HashMap) throws java.lang.InterruptedException requires a @DataProvider named : getData">
      <![CDATA[org.testng.TestNGException: 
Method public void Ecommerce.TestCases.ErrorValidation.errorValidation(java.util.HashMap) throws java.lang.InterruptedException requires a @DataProvider named : getData
at java.base/java.util.ArrayList.forEach(ArrayList.java:1511)
... Removed 28 stack frames]]>
    </failure>
  </testcase> <!-- errorValidation -->
</testsuite> <!-- Test2 -->
