<?xml version="1.0" encoding="UTF-8"?>
<!-- Generated by org.testng.reporters.JUnitXMLReporter -->
<testsuite ignored="0" hostname="LAPTOP-NCRNC175" failures="0" tests="2" name="Test1" time="0.03" errors="0" timestamp="2024-03-11T12:41:16 IST">
  <testcase classname="Ecommerce.TestCases.EcommerceApplication" name="errorValidation" time="0.0">
    <skipped/>
  </testcase> <!-- errorValidation -->
  <testcase classname="Ecommerce.TestCases.EcommerceApplication" name="submitOrder" time="0.0">
    <skipped/>
  </testcase> <!-- submitOrder -->
</testsuite> <!-- Test1 -->
