<?xml version="1.0" encoding="UTF-8"?>
<testng-results total="2" passed="2" failed="0" skipped="0">
  <reporter-output>
  </reporter-output>
  <suite started-at="2024-03-28T04:55:13Z" name="Suite" finished-at="2024-03-28T04:55:40Z" duration-ms="26929">
    <groups>
      <group name="checkingError">
        <method signature="EcommerceApplication.errorValidation(java.util.HashMap)[pri:0, instance:Ecommerce.TestCases.EcommerceApplication@5a3bc7ed]" name="errorValidation" class="Ecommerce.TestCases.EcommerceApplication"/>
      </group> <!-- checkingError -->
    </groups>
    <test started-at="2024-03-28T04:55:13Z" name="Test1" finished-at="2024-03-28T04:55:40Z" duration-ms="26929">
      <class name="Ecommerce.TestCases.EcommerceApplication">
        <test-method is-config="true" signature="loginApplication()[pri:0, instance:Ecommerce.TestCases.EcommerceApplication@5a3bc7ed]" started-at="2024-03-28T10:25:13Z" name="loginApplication" finished-at="2024-03-28T10:25:21Z" duration-ms="7351" status="PASS">
          <reporter-output>
          </reporter-output>
        </test-method> <!-- loginApplication -->
        <test-method signature="errorValidation(java.util.HashMap)[pri:0, instance:Ecommerce.TestCases.EcommerceApplication@5a3bc7ed]" started-at="2024-03-28T10:25:21Z" name="errorValidation" data-provider="getData" finished-at="2024-03-28T10:25:21Z" duration-ms="323" status="PASS">
          <params>
            <param index="0">
              <value>
                <![CDATA[{password=Devisrinu123@, product=zara coat 3, email=srinusid830@gmail.com}]]>
              </value>
            </param>
          </params>
          <reporter-output>
          </reporter-output>
        </test-method> <!-- errorValidation -->
        <test-method is-config="true" signature="teardown()[pri:0, instance:Ecommerce.TestCases.EcommerceApplication@5a3bc7ed]" started-at="2024-03-28T10:25:21Z" name="teardown" finished-at="2024-03-28T10:25:21Z" duration-ms="116" status="PASS">
          <reporter-output>
          </reporter-output>
        </test-method> <!-- teardown -->
        <test-method is-config="true" signature="loginApplication()[pri:0, instance:Ecommerce.TestCases.EcommerceApplication@5a3bc7ed]" started-at="2024-03-28T10:25:21Z" name="loginApplication" finished-at="2024-03-28T10:25:28Z" duration-ms="7226" status="PASS">
          <reporter-output>
          </reporter-output>
        </test-method> <!-- loginApplication -->
        <test-method signature="submitOrder(java.util.HashMap)[pri:0, instance:Ecommerce.TestCases.EcommerceApplication@5a3bc7ed]" started-at="2024-03-28T10:25:28Z" name="submitOrder" data-provider="getData" finished-at="2024-03-28T10:25:40Z" duration-ms="11523" status="PASS">
          <params>
            <param index="0">
              <value>
                <![CDATA[{password=Devisrinu123@, product=zara coat 3, email=srinusid830@gmail.com}]]>
              </value>
            </param>
          </params>
          <reporter-output>
          </reporter-output>
        </test-method> <!-- submitOrder -->
        <test-method is-config="true" signature="teardown()[pri:0, instance:Ecommerce.TestCases.EcommerceApplication@5a3bc7ed]" started-at="2024-03-28T10:25:40Z" name="teardown" finished-at="2024-03-28T10:25:40Z" duration-ms="92" status="PASS">
          <reporter-output>
          </reporter-output>
        </test-method> <!-- teardown -->
      </class> <!-- Ecommerce.TestCases.EcommerceApplication -->
    </test> <!-- Test1 -->
  </suite> <!-- Suite -->
</testng-results>
