<?xml version="1.0" encoding="UTF-8"?>
<!-- Generated by org.testng.reporters.JUnitReportReporter -->
<testsuite hostname="LAPTOP-NCRNC175" failures="0" tests="1" name="Cucumber.TestNGTestRunner" time="0.191" errors="1" timestamp="2023-09-14T11:10:10 IST" skipped="0">
  <testcase classname="Cucumber.TestNGTestRunner" name="runScenario" time="0.191">
    <error message="Cannot invoke &quot;LoginPageObjectClass.LoginPage.loginApplication(String, String)&quot; because &quot;this.loginPage&quot; is null" type="java.lang.NullPointerException">
      <![CDATA[java.lang.NullPointerException: Cannot invoke "LoginPageObjectClass.LoginPage.loginApplication(String, String)" because "this.loginPage" is null
at Cucumber.stepDefinition.StepDefinitionImpl.logged_in_Username_and_Password(StepDefinitionImpl.java:33)
at ✽.Logged in with username srinusid830@gmail.com and password Devisrinu123@(file:///C:/Users/srinu/eclipse-workspace/seleniumFrameWork/src/test/java/Cucumber/PurchaseOrder.feature:11)
]]>
    </error>
  </testcase> <!-- runScenario -->
  <system-out/>
</testsuite> <!-- Cucumber.TestNGTestRunner -->
